Log file open, 09/04/23 23:55:14
LogGenericPlatformMisc: Warning: Failed to determine engine directory: Defaulting to ../../../Engine/
LogWindows: Failed to load 'aqProf.dll' (GetLastError=126)
LogWindows: File 'aqProf.dll' does not exist
LogWindows: Failed to load 'VtuneApi.dll' (GetLastError=126)
LogWindows: File 'VtuneApi.dll' does not exist
LogWindows: Failed to load 'VtuneApi32e.dll' (GetLastError=126)
LogWindows: File 'VtuneApi32e.dll' does not exist
LogPakFile: Registered encryption key '00000000000000000000000000000000': 0 pak files mounted, 0 remain pending
LogPlatformFile: Not using cached read wrapper
LogTaskGraph: Started task graph with 4 named threads and 18 total threads with 1 sets of task threads.
LogWindows: Failed to load '../../../Engine/Binaries/ThirdParty/DbgHelp/dbghelp.dll' (GetLastError=126)
LogWindows: File '../../../Engine/Binaries/ThirdParty/DbgHelp/dbghelp.dll' does not exist
LogInit: Build: ++UE4+Release-4.22-CL-7053642
LogInit: Engine Version: 4.22.3-7053642+++UE4+Release-4.22
LogInit: Compatible Engine Version: 4.22.0-5660361+++UE4+Release-4.22
LogInit: Net CL: 5660361
LogInit: OS: Windows 10 (Release 2009) (), CPU: 11th Gen Intel(R) Core(TM) i7-11800H @ 2.30GHz, GPU: Intel(R) UHD Graphics
LogInit: Compiled (64-bit): Jun 18 2019 03:16:52
LogInit: Compiled with Visual C++: 19.16.27025.01
LogInit: Build Configuration: Development
LogInit: Branch Name: ++UE4+Release-4.22
LogInit: Command Line: C:/Users/Mythical/Documents/GitHub/Interpose/modding_workspace/scripts/python/python_unrealpak/Z_ModLoader_P.pak -create=filelist.txt -compress
LogInit: Base Directory: C:/Users/Mythical/Documents/GitHub/Interpose/modding_workspace/scripts/python/python_unrealpak/
LogInit: Installed Engine Build: 0
LogDevObjectVersion: Number of dev versions registered: 23
LogDevObjectVersion:   Dev-Blueprints (B0D832E4-1F89-4F0D-ACCF-7EB736FD4AA2): 10
LogDevObjectVersion:   Dev-Build (E1C64328-A22C-4D53-A36C-8E866417BD8C): 0
LogDevObjectVersion:   Dev-Core (375EC13C-06E4-48FB-B500-84F0262A717E): 3
LogDevObjectVersion:   Dev-Editor (E4B068ED-F494-42E9-A231-DA0B2E46BB41): 30
LogDevObjectVersion:   Dev-Framework (CFFC743F-43B0-4480-9391-14DF171D2073): 35
LogDevObjectVersion:   Dev-Mobile (B02B49B5-BB20-44E9-A304-32B752E40360): 2
LogDevObjectVersion:   Dev-Networking (A4E4105C-59A1-49B5-A7C5-40C4547EDFEE): 0
LogDevObjectVersion:   Dev-Online (39C831C9-5AE6-47DC-9A44-9C173E1C8E7C): 0
LogDevObjectVersion:   Dev-Physics (78F01B33-EBEA-4F98-B9B4-84EACCB95AA2): 0
LogDevObjectVersion:   Dev-Platform (6631380F-2D4D-43E0-8009-CF276956A95A): 0
LogDevObjectVersion:   Dev-Rendering (12F88B9F-8875-4AFC-A67C-D90C383ABD29): 28
LogDevObjectVersion:   Dev-Sequencer (7B5AE74C-D270-4C10-A958-57980B212A5A): 11
LogDevObjectVersion:   Dev-VR (D7296918-1DD6-4BDD-9DE2-64A83CC13884): 2
LogDevObjectVersion:   Dev-LoadTimes (C2A15278-BFE7-4AFE-6C17-90FF531DF755): 1
LogDevObjectVersion:   Private-Geometry (6EACA3D4-40EC-4CC1-B786-8BED09428FC5): 3
LogDevObjectVersion:   Dev-AnimPhys (29E575DD-E0A3-4627-9D10-D276232CDCEA): 17
LogDevObjectVersion:   Dev-Anim (AF43A65D-7FD3-4947-9873-3E8ED9C1BB05): 2
LogDevObjectVersion:   Dev-ReflectionCapture (6B266CEC-1EC7-4B8F-A30B-E4D90942FC07): 1
LogDevObjectVersion:   Dev-Automation (0DF73D61-A23F-47EA-B727-89E90C41499A): 1
LogDevObjectVersion:   FortniteMain (601D1886-AC64-4F84-AA16-D3DE0DEAC7D6): 25
LogDevObjectVersion:   Dev-Enterprise (9DFFBCD6-494F-0158-E221-12823C92A888): 6
LogDevObjectVersion:   Dev-Niagara (F2AED0AC-9AFE-416F-8664-AA7FFA26D6FC): 1
LogDevObjectVersion:   Dev-Destruction (174F1F0B-B4C6-45A5-B13F-2EE8D0FB917D): 2
LogConfig: Applying CVar settings from Section [Startup] File [../../../Engine/Config/ConsoleVariables.ini]
LogConfig: Applying CVar settings from Section [ConsoleVariables] File [../../../Engine/Programs/UnrealPak/Saved/Config/Windows/Engine.ini]
LogInit: Computer: DESKTOP-H8M04FC
LogInit: User: Mythical
LogInit: CPU Page size=4096, Cores=8
LogInit: High frequency timer resolution =10.000000 MHz
LogMemory: Memory total: Physical=15.7GB (16GB approx)
LogMemory: Platform Memory Stats for Windows
LogMemory: Process Physical Memory: 15.07 MB used, 15.07 MB peak
LogMemory: Process Virtual Memory: 50.38 MB used, 50.38 MB peak
LogMemory: Physical Memory: 9995.36 MB used,  6090.13 MB free, 16085.50 MB total
LogMemory: Virtual Memory: 4294.85 MB used,  134213432.00 MB free, 134217728.00 MB total
LogInit: Using OS detected language ().
LogInit: Using OS detected locale ().
LogPaths: Warning: No paths for game localization data were specifed in the game configuration.
LogTextLocalizationManager: No localization for '' exists, so 'en' will be used for the language.
LogTextLocalizationManager: No localization for '' exists, so 'en' will be used for the locale.
LogInit: Using OS detected language ().
LogInit: Using OS detected locale ().
LogTextLocalizationManager: No localization for '' exists, so 'en' will be used for the language.
LogTextLocalizationManager: No localization for '' exists, so 'en' will be used for the locale.
LogTextLocalizationManager: Compacting localization data took   0.00ms
LogPakFile: Display: Using command line for crypto configuration
LogPakFile: Display: Loading response file filelist.txt
LogPakFile: Added file Source: C:/Users/Mythical/Documents/GitHub/Interpose/modding_workspace/scripts/python/python_unrealpak/Z_ModLoader_P//*.* Dest: ..//..//../
LogPakFile: Display: Added 1 entries to add to pak file.
LogPakFile: Display: Collecting files to add to pak file...
LogPakFile: Display: Collected 102 files in 0.00s.
LogPakFile: Display: Encrypting using embedded key
LogPakFile: Added compressed file "Maps/MainMenu.umap", 25.86% of original size. Compressed with Zlib, Size 14984 bytes, Original Size 57948 bytes (order 268435456).
LogPakFile: Added compressed file "Mods/Z_DebugLog_P/BlueprintLibraries/BFL_Modding.uasset", 25.39% of original size. Compressed with Zlib, Size 1602 bytes, Original Size 6310 bytes (order 268435456).
LogPakFile: Added compressed file "Mods/Z_DebugLog_P/DA_DebugLog.uasset", 53.49% of original size. Compressed with Zlib, Size 537 bytes, Original Size 1004 bytes (order 268435456).
LogPakFile: Added compressed file "Mods/Z_DebugLog_P/DataTables/DT_DebugLog.uasset", 56.87% of original size. Compressed with Zlib, Size 911 bytes, Original Size 1602 bytes (order 268435456).
LogPakFile: Added compressed file "Mods/Z_DebugLog_P/DebugLogModActor.uasset", 35.70% of original size. Compressed with Zlib, Size 1568 bytes, Original Size 4392 bytes (order 268435456).
LogPakFile: Added compressed file "Mods/Z_DebugLog_P/Widgets/WBP_DebugLog.uasset", 27.94% of original size. Compressed with Zlib, Size 3149 bytes, Original Size 11270 bytes (order 268435456).
LogPakFile: Added compressed file "Mods/Z_DebugLog_P/Widgets/WBP_Entry_DebugLog.uasset", 31.88% of original size. Compressed with Zlib, Size 2076 bytes, Original Size 6511 bytes (order 268435456).
LogPakFile: Added compressed file "Mods/Z_ModButtons_P/DA_ModButtons.uasset", 52.75% of original size. Compressed with Zlib, Size 538 bytes, Original Size 1020 bytes (order 268435456).
LogPakFile: Added compressed file "Mods/Z_ModButtons_P/DataTables/DT_ModButtons.uasset", 56.62% of original size. Compressed with Zlib, Size 915 bytes, Original Size 1616 bytes (order 268435456).
LogPakFile: Added compressed file "Mods/Z_ModButtons_P/ModButtonsModActor.uasset", 34.44% of original size. Compressed with Zlib, Size 2111 bytes, Original Size 6130 bytes (order 268435456).
LogPakFile: Added compressed file "Mods/Z_ModButtons_P/Widgets/WBP_Entry_ModButtons.uasset", 30.69% of original size. Compressed with Zlib, Size 2654 bytes, Original Size 8649 bytes (order 268435456).
LogPakFile: Added compressed file "Mods/Z_ModButtons_P/Widgets/WBP_ModButtonMenu.uasset", 28.35% of original size. Compressed with Zlib, Size 4497 bytes, Original Size 15862 bytes (order 268435456).
LogPakFile: Added compressed file "Mods/Z_ModListMenu_P/DA_ModListMenu.uasset", 52.72% of original size. Compressed with Zlib, Size 542 bytes, Original Size 1028 bytes (order 268435456).
LogPakFile: Added compressed file "Mods/Z_ModListMenu_P/DataTables/DT_ModListMenu.uasset", 56.56% of original size. Compressed with Zlib, Size 918 bytes, Original Size 1623 bytes (order 268435456).
LogPakFile: Added compressed file "Mods/Z_ModListMenu_P/ModMenuListModActor.uasset", 39.71% of original size. Compressed with Zlib, Size 1115 bytes, Original Size 2808 bytes (order 268435456).
LogPakFile: Added compressed file "Mods/Z_ModListMenu_P/Widgets/WBP_Entry_ModList.uasset", 32.21% of original size. Compressed with Zlib, Size 4132 bytes, Original Size 12827 bytes (order 268435456).
LogPakFile: Added compressed file "Mods/Z_ModListMenu_P/Widgets/WBP_Entry_ModListInformation.uasset", 31.27% of original size. Compressed with Zlib, Size 1890 bytes, Original Size 6045 bytes (order 268435456).
LogPakFile: Added compressed file "Mods/Z_ModListMenu_P/Widgets/WBP_ModList.uasset", 27.02% of original size. Compressed with Zlib, Size 4310 bytes, Original Size 15951 bytes (order 268435456).
LogPakFile: Added compressed file "Mods/Z_ModLoader_P/Blueprints/BP_M_ModActor.uasset", 34.96% of original size. Compressed with Zlib, Size 3898 bytes, Original Size 11149 bytes (order 268435456).
LogPakFile: Added compressed file "Mods/Z_ModLoader_P/Blueprints/BP_ModLoader.uasset", 24.31% of original size. Compressed with Zlib, Size 9959 bytes, Original Size 40965 bytes (order 268435456).
LogPakFile: Added compressed file "Mods/Z_ModLoader_P/Blueprints/BP_ModLoaderStart.uasset", 35.47% of original size. Compressed with Zlib, Size 1441 bytes, Original Size 4063 bytes (order 268435456).
LogPakFile: Added compressed file "Mods/Z_ModLoader_P/DA_ModLoader.uasset", 55.65% of original size. Compressed with Zlib, Size 453 bytes, Original Size 814 bytes (order 268435456).
LogPakFile: Added compressed file "Mods/Z_ModLoader_P/Enums/E_MenuSlideState.uasset", 50.64% of original size. Compressed with Zlib, Size 475 bytes, Original Size 938 bytes (order 268435456).
LogPakFile: Added compressed file "Mods/Z_ModLoader_P/Fonts/DefaultRoboto/DefaultRoboto.uasset", 45.94% of original size. Compressed with Zlib, Size 787 bytes, Original Size 1713 bytes (order 268435456).
LogPakFile: Added compressed file "Mods/Z_ModLoader_P/Fonts/Shinlock/Shinlock.uasset", 54.53% of original size. Compressed with Zlib, Size 355 bytes, Original Size 651 bytes (order 268435456).
LogPakFile: Added compressed file "Mods/Z_ModLoader_P/Fonts/Shinlock/Shinlock.ufont", 76.33% of original size. Compressed with Zlib, Size 18088 bytes, Original Size 23696 bytes (order 268435456).
LogPakFile: Added compressed file "Mods/Z_ModLoader_P/Fonts/Shinlock/ShinlockFont.uasset", 51.69% of original size. Compressed with Zlib, Size 552 bytes, Original Size 1068 bytes (order 268435456).
LogPakFile: Added compressed file "Mods/Z_ModLoader_P/Fonts/TypewriterCondensed/TypewriterCondensedFont.uasset", 42.76% of original size. Compressed with Zlib, Size 662 bytes, Original Size 1548 bytes (order 268435456).
LogPakFile: Added compressed file "Mods/Z_ModLoader_P/Fonts/TypewriterCondensed/TypewriterCondensedFontBold.uasset", 53.57% of original size. Compressed with Zlib, Size 375 bytes, Original Size 700 bytes (order 268435456).
LogPakFile: Added compressed file "Mods/Z_ModLoader_P/Fonts/TypewriterCondensed/TypewriterCondensedFontBold.ufont", 83.76% of original size. Compressed with Zlib, Size 14698 bytes, Original Size 17548 bytes (order 268435456).
LogPakFile: Added compressed file "Mods/Z_ModLoader_P/Fonts/TypewriterCondensed/TypewriterCondensedFontDemi.uasset", 53.57% of original size. Compressed with Zlib, Size 375 bytes, Original Size 700 bytes (order 268435456).
LogPakFile: Added compressed file "Mods/Z_ModLoader_P/Fonts/TypewriterCondensed/TypewriterCondensedFontDemi.ufont", 84.59% of original size. Compressed with Zlib, Size 15700 bytes, Original Size 18560 bytes (order 268435456).
LogPakFile: Added compressed file "Mods/Z_ModLoader_P/Fonts/TypewriterCondensed/TypewriterCondensedFontRegular.uasset", 53.54% of original size. Compressed with Zlib, Size 378 bytes, Original Size 706 bytes (order 268435456).
LogPakFile: Added compressed file "Mods/Z_ModLoader_P/Fonts/TypewriterCondensed/TypewriterCondensedFontRegular.ufont", 84.03% of original size. Compressed with Zlib, Size 16807 bytes, Original Size 20000 bytes (order 268435456).
LogPakFile: Added compressed file "Mods/Z_ModLoader_P/Levels/ModExampleLEvel.umap", 38.75% of original size. Compressed with Zlib, Size 1057 bytes, Original Size 2728 bytes (order 268435456).
LogPakFile: Added compressed file "Mods/Z_ModLoader_P/Levels/ModLoaderLevel.umap", 37.01% of original size. Compressed with Zlib, Size 1399 bytes, Original Size 3780 bytes (order 268435456).
LogPakFile: Added compressed file "Mods/Z_ModLoader_P/Levels/ModLoaderLevel_BuiltData.uasset", 54.34% of original size. Compressed with Zlib, Size 413 bytes, Original Size 760 bytes (order 268435456).
LogPakFile: Added compressed file "Mods/Z_ModLoader_P/Saves/SG_ModTracker.uasset", 39.53% of original size. Compressed with Zlib, Size 651 bytes, Original Size 1647 bytes (order 268435456).
LogPakFile: Added compressed file "Mods/Z_ModLoader_P/Structs/F_ModActor.uasset", 47.00% of original size. Compressed with Zlib, Size 478 bytes, Original Size 1017 bytes (order 268435456).
LogPakFile: Added compressed file "Mods/Z_ModLoader_P/Structs/F_ModLoaderInformation.uasset", 33.05% of original size. Compressed with Zlib, Size 1961 bytes, Original Size 5934 bytes (order 268435456).
LogPakFile: Added compressed file "Mods/Z_ModLoader_P/Structs/New/F_ModLoaderDataTable.uasset", 38.38% of original size. Compressed with Zlib, Size 1136 bytes, Original Size 2960 bytes (order 268435456).
LogPakFile: Added compressed file "Mods/Z_ModLoader_P/Structs/New/F_ModLoaderModActor.uasset", 34.91% of original size. Compressed with Zlib, Size 1150 bytes, Original Size 3294 bytes (order 268435456).
LogPakFile: Added compressed file "Mods/Z_ModLoader_P/Structs/New/F_ModLoaderSaveData.uasset", 38.82% of original size. Compressed with Zlib, Size 983 bytes, Original Size 2532 bytes (order 268435456).
LogPakFile: Added compressed file "Mods/Z_ModLoader_P/Textures/T_White.uasset", 59.28% of original size. Compressed with Zlib, Size 447 bytes, Original Size 754 bytes (order 268435456).
LogPakFile: Added compressed file "Mods/Z_ModLoader_P/Widgets/WBP_Border_One.uasset", 29.74% of original size. Compressed with Zlib, Size 1660 bytes, Original Size 5581 bytes (order 268435456).
LogPakFile: Added compressed file "Mods/Z_ModLoader_P/Widgets/WBP_Border_Two.uasset", 29.67% of original size. Compressed with Zlib, Size 1656 bytes, Original Size 5581 bytes (order 268435456).
LogPakFile: Added compressed file "Mods/Z_ModLoader_P/Widgets/WBP_Main_Entry.uasset", 31.48% of original size. Compressed with Zlib, Size 3033 bytes, Original Size 9634 bytes (order 268435456).
LogPakFile: Added compressed file "Mods/Z_ModLoader_P/Widgets/WBP_MenuTemplate.uasset", 36.53% of original size. Compressed with Zlib, Size 1104 bytes, Original Size 3022 bytes (order 268435456).
LogPakFile: Added compressed file "Mods/Z_ModLoader_P/Widgets/WBP_ModLoader.uasset", 24.99% of original size. Compressed with Zlib, Size 8055 bytes, Original Size 32228 bytes (order 268435456).
LogPakFile: Added compressed file "Mods/Z_ModLoader_P/Widgets/WBP_Reconstructor.uasset", 30.95% of original size. Compressed with Zlib, Size 2387 bytes, Original Size 7713 bytes (order 268435456).
LogPakFile: Added compressed file "Mods/Z_Testing_P/DA_Testing.uasset", 53.92% of original size. Compressed with Zlib, Size 537 bytes, Original Size 996 bytes (order 268435456).
LogPakFile: Added compressed file "Mods/Z_Testing_P/DataTables/DT_Testing.uasset", 57.05% of original size. Compressed with Zlib, Size 910 bytes, Original Size 1595 bytes (order 268435456).
LogPakFile: Added compressed file "Mods/Z_Testing_P/TestingModActor.uasset", 26.60% of original size. Compressed with Zlib, Size 4705 bytes, Original Size 17691 bytes (order 268435456).
LogPakFile: Added compressed file "Maps/MainMenu.uexp", 12.46% of original size. Compressed with Zlib, Size 9291 bytes, Original Size 74596 bytes (order 536870912).
LogPakFile: Added compressed file "Mods/Z_DebugLog_P/BlueprintLibraries/BFL_Modding.uexp", 21.39% of original size. Compressed with Zlib, Size 440 bytes, Original Size 2057 bytes (order 536870912).
LogPakFile: Added compressed file "Mods/Z_DebugLog_P/DA_DebugLog.uexp", 30.60% of original size. Compressed with Zlib, Size 71 bytes, Original Size 232 bytes (order 536870912).
LogPakFile: Added compressed file "Mods/Z_DebugLog_P/DataTables/DT_DebugLog.uexp", 45.19% of original size. Compressed with Zlib, Size 169 bytes, Original Size 374 bytes (order 536870912).
LogPakFile: Added compressed file "Mods/Z_DebugLog_P/DebugLogModActor.uexp", 31.62% of original size. Compressed with Zlib, Size 296 bytes, Original Size 936 bytes (order 536870912).
LogPakFile: Added compressed file "Mods/Z_DebugLog_P/Widgets/WBP_DebugLog.uexp", 13.05% of original size. Compressed with Zlib, Size 1039 bytes, Original Size 7964 bytes (order 536870912).
LogPakFile: Added compressed file "Mods/Z_DebugLog_P/Widgets/WBP_Entry_DebugLog.uexp", 24.52% of original size. Compressed with Zlib, Size 598 bytes, Original Size 2439 bytes (order 536870912).
LogPakFile: Added compressed file "Mods/Z_ModButtons_P/DA_ModButtons.uexp", 29.74% of original size. Compressed with Zlib, Size 69 bytes, Original Size 232 bytes (order 536870912).
LogPakFile: Added compressed file "Mods/Z_ModButtons_P/DataTables/DT_ModButtons.uexp", 43.13% of original size. Compressed with Zlib, Size 157 bytes, Original Size 364 bytes (order 536870912).
LogPakFile: Added compressed file "Mods/Z_ModButtons_P/ModButtonsModActor.uexp", 31.41% of original size. Compressed with Zlib, Size 429 bytes, Original Size 1366 bytes (order 536870912).
LogPakFile: Added compressed file "Mods/Z_ModButtons_P/Widgets/WBP_Entry_ModButtons.uexp", 22.95% of original size. Compressed with Zlib, Size 770 bytes, Original Size 3355 bytes (order 536870912).
LogPakFile: Added compressed file "Mods/Z_ModButtons_P/Widgets/WBP_ModButtonMenu.uexp", 14.67% of original size. Compressed with Zlib, Size 1423 bytes, Original Size 9702 bytes (order 536870912).
LogPakFile: Added compressed file "Mods/Z_ModListMenu_P/DA_ModListMenu.uexp", 30.17% of original size. Compressed with Zlib, Size 70 bytes, Original Size 232 bytes (order 536870912).
LogPakFile: Added compressed file "Mods/Z_ModListMenu_P/DataTables/DT_ModListMenu.uexp", 46.63% of original size. Compressed with Zlib, Size 180 bytes, Original Size 386 bytes (order 536870912).
LogPakFile: Added compressed file "Mods/Z_ModListMenu_P/ModMenuListModActor.uexp", 34.29% of original size. Compressed with Zlib, Size 168 bytes, Original Size 490 bytes (order 536870912).
LogPakFile: Added compressed file "Mods/Z_ModListMenu_P/Widgets/WBP_Entry_ModList.uexp", 15.98% of original size. Compressed with Zlib, Size 1006 bytes, Original Size 6296 bytes (order 536870912).
LogPakFile: Added compressed file "Mods/Z_ModListMenu_P/Widgets/WBP_Entry_ModListInformation.uexp", 24.44% of original size. Compressed with Zlib, Size 510 bytes, Original Size 2087 bytes (order 536870912).
LogPakFile: Added compressed file "Mods/Z_ModListMenu_P/Widgets/WBP_ModList.uexp", 15.42% of original size. Compressed with Zlib, Size 1475 bytes, Original Size 9566 bytes (order 536870912).
LogPakFile: Added compressed file "Mods/Z_ModLoader_P/Blueprints/BP_M_ModActor.uexp", 26.57% of original size. Compressed with Zlib, Size 898 bytes, Original Size 3380 bytes (order 536870912).
LogPakFile: Added compressed file "Mods/Z_ModLoader_P/Blueprints/BP_ModLoader.uexp", 23.58% of original size. Compressed with Zlib, Size 3943 bytes, Original Size 16725 bytes (order 536870912).
LogPakFile: Added compressed file "Mods/Z_ModLoader_P/Blueprints/BP_ModLoaderStart.uexp", 33.26% of original size. Compressed with Zlib, Size 294 bytes, Original Size 884 bytes (order 536870912).
LogPakFile: Added compressed file "Mods/Z_ModLoader_P/DA_ModLoader.uexp", 28.42% of original size. Compressed with Zlib, Size 52 bytes, Original Size 183 bytes (order 536870912).
LogPakFile: Added compressed file "Mods/Z_ModLoader_P/Enums/E_MenuSlideState.uexp", 56.68% of original size. Compressed with Zlib, Size 191 bytes, Original Size 337 bytes (order 536870912).
LogPakFile: Added compressed file "Mods/Z_ModLoader_P/Fonts/DefaultRoboto/DefaultRoboto.uexp", 17.53% of original size. Compressed with Zlib, Size 146 bytes, Original Size 833 bytes (order 536870912).
LogPakFile: Added compressed file "Mods/Z_ModLoader_P/Fonts/Shinlock/Shinlock.uexp", 75.56% of original size. Compressed with Zlib, Size 68 bytes, Original Size 90 bytes (order 536870912).
LogPakFile: Added compressed file "Mods/Z_ModLoader_P/Fonts/Shinlock/ShinlockFont.uexp", 28.10% of original size. Compressed with Zlib, Size 102 bytes, Original Size 363 bytes (order 536870912).
LogPakFile: Added compressed file "Mods/Z_ModLoader_P/Fonts/TypewriterCondensed/TypewriterCondensedFont.uexp", 21.16% of original size. Compressed with Zlib, Size 120 bytes, Original Size 567 bytes (order 536870912).
LogPakFile: Added compressed file "Mods/Z_ModLoader_P/Fonts/TypewriterCondensed/TypewriterCondensedFontBold.uexp", 78.13% of original size. Compressed with Zlib, Size 75 bytes, Original Size 96 bytes (order 536870912).
LogPakFile: Added compressed file "Mods/Z_ModLoader_P/Fonts/TypewriterCondensed/TypewriterCondensedFontDemi.uexp", 78.13% of original size. Compressed with Zlib, Size 75 bytes, Original Size 96 bytes (order 536870912).
LogPakFile: Added compressed file "Mods/Z_ModLoader_P/Fonts/TypewriterCondensed/TypewriterCondensedFontRegular.uexp", 78.79% of original size. Compressed with Zlib, Size 78 bytes, Original Size 99 bytes (order 536870912).
LogPakFile: Added compressed file "Mods/Z_ModLoader_P/Levels/ModExampleLEvel.uexp", 28.34% of original size. Compressed with Zlib, Size 231 bytes, Original Size 815 bytes (order 536870912).
LogPakFile: Added compressed file "Mods/Z_ModLoader_P/Levels/ModLoaderLevel.uexp", 26.78% of original size. Compressed with Zlib, Size 278 bytes, Original Size 1038 bytes (order 536870912).
LogPakFile: Added compressed file "Mods/Z_ModLoader_P/Levels/ModLoaderLevel_BuiltData.uexp", 1.15% of original size. Compressed with Zlib, Size 247 bytes, Original Size 21412 bytes (order 536870912).
LogPakFile: Added compressed file "Mods/Z_ModLoader_P/Saves/SG_ModTracker.uexp", 39.02% of original size. Compressed with Zlib, Size 64 bytes, Original Size 164 bytes (order 536870912).
LogPakFile: Added compressed file "Mods/Z_ModLoader_P/Structs/F_ModActor.uexp", 37.10% of original size. Compressed with Zlib, Size 69 bytes, Original Size 186 bytes (order 536870912).
LogPakFile: Added compressed file "Mods/Z_ModLoader_P/Structs/F_ModLoaderInformation.uexp", 16.11% of original size. Compressed with Zlib, Size 268 bytes, Original Size 1664 bytes (order 536870912).
LogPakFile: Added compressed file "Mods/Z_ModLoader_P/Structs/New/F_ModLoaderDataTable.uexp", 20.03% of original size. Compressed with Zlib, Size 141 bytes, Original Size 704 bytes (order 536870912).
LogPakFile: Added compressed file "Mods/Z_ModLoader_P/Structs/New/F_ModLoaderModActor.uexp", 22.30% of original size. Compressed with Zlib, Size 151 bytes, Original Size 677 bytes (order 536870912).
LogPakFile: Added compressed file "Mods/Z_ModLoader_P/Structs/New/F_ModLoaderSaveData.uexp", 26.20% of original size. Compressed with Zlib, Size 142 bytes, Original Size 542 bytes (order 536870912).
LogPakFile: Added compressed file "Mods/Z_ModLoader_P/Textures/T_White.uexp", 0.25% of original size. Compressed with Zlib, Size 600 bytes, Original Size 240264 bytes (order 536870912).
LogPakFile: Added compressed file "Mods/Z_ModLoader_P/Widgets/WBP_Border_One.uexp", 8.67% of original size. Compressed with Zlib, Size 487 bytes, Original Size 5620 bytes (order 536870912).
LogPakFile: Added compressed file "Mods/Z_ModLoader_P/Widgets/WBP_Border_Two.uexp", 8.84% of original size. Compressed with Zlib, Size 497 bytes, Original Size 5620 bytes (order 536870912).
LogPakFile: Added compressed file "Mods/Z_ModLoader_P/Widgets/WBP_Main_Entry.uexp", 18.21% of original size. Compressed with Zlib, Size 1001 bytes, Original Size 5496 bytes (order 536870912).
LogPakFile: Added compressed file "Mods/Z_ModLoader_P/Widgets/WBP_MenuTemplate.uexp", 18.26% of original size. Compressed with Zlib, Size 197 bytes, Original Size 1079 bytes (order 536870912).
LogPakFile: Added compressed file "Mods/Z_ModLoader_P/Widgets/WBP_ModLoader.uexp", 8.01% of original size. Compressed with Zlib, Size 4688 bytes, Original Size 58496 bytes (order 536870912).
LogPakFile: Added compressed file "Mods/Z_ModLoader_P/Widgets/WBP_Reconstructor.uexp", 27.76% of original size. Compressed with Zlib, Size 525 bytes, Original Size 1891 bytes (order 536870912).
LogPakFile: Added compressed file "Mods/Z_Testing_P/DA_Testing.uexp", 29.74% of original size. Compressed with Zlib, Size 69 bytes, Original Size 232 bytes (order 536870912).
LogPakFile: Added compressed file "Mods/Z_Testing_P/DataTables/DT_Testing.uexp", 40.34% of original size. Compressed with Zlib, Size 142 bytes, Original Size 352 bytes (order 536870912).
LogPakFile: Added compressed file "Mods/Z_Testing_P/TestingModActor.uexp", 26.53% of original size. Compressed with Zlib, Size 1421 bytes, Original Size 5357 bytes (order 536870912).
LogPakFile: Display: Added 102 files, 222881 bytes total, time 0.03s.
LogPakFile: Display: Compression summary: 22.15% of original size. Compressed Size 202595 bytes, Original Size 914798 bytes. 
LogPakFile: Display: Encryption - DISABLED
LogPakFile: Display: Unreal pak executed in 0.034249 seconds
LogExit: Preparing to exit.
LogExit: Exiting.
Log file closed, 09/04/23 23:55:14
